<?xml version="1.0" encoding="UTF-8"?>
<testng-results ignored="0" total="1" passed="1" failed="0" skipped="0">
  <reporter-output>
  </reporter-output>
  <suite started-at="2024-05-02T12:49:13 IST" name="Default suite" finished-at="2024-05-02T12:49:50 IST" duration-ms="36634">
    <groups>
    </groups>
    <test started-at="2024-05-02T12:49:13 IST" name="Default test" finished-at="2024-05-02T12:49:50 IST" duration-ms="36634">
      <class name="actualTC.VerifyTitleOfHomePage">
        <test-method is-config="true" signature="bsconfing()[pri:0, instance:actualTC.VerifyTitleOfHomePage@3febb011]" started-at="2024-05-02T12:49:13 IST" name="bsconfing" finished-at="2024-05-02T12:49:13 IST" duration-ms="14" status="PASS">
          <reporter-output>
          </reporter-output>
        </test-method> <!-- bsconfing -->
        <test-method is-config="true" signature="bcconfing()[pri:0, instance:actualTC.VerifyTitleOfHomePage@3febb011]" started-at="2024-05-02T12:49:13 IST" name="bcconfing" finished-at="2024-05-02T12:49:48 IST" duration-ms="34329" status="PASS">
          <reporter-output>
          </reporter-output>
        </test-method> <!-- bcconfing -->
        <test-method is-config="true" signature="bmconfig()[pri:0, instance:actualTC.VerifyTitleOfHomePage@3febb011]" started-at="2024-05-02T12:49:48 IST" name="bmconfig" finished-at="2024-05-02T12:49:49 IST" duration-ms="730" status="PASS">
          <reporter-output>
          </reporter-output>
        </test-method> <!-- bmconfig -->
        <test-method signature="TC()[pri:0, instance:actualTC.VerifyTitleOfHomePage@3febb011]" started-at="2024-05-02T12:49:49 IST" name="TC" finished-at="2024-05-02T12:49:49 IST" duration-ms="30" status="PASS">
          <reporter-output>
          </reporter-output>
        </test-method> <!-- TC -->
        <test-method is-config="true" signature="amconfig()[pri:0, instance:actualTC.VerifyTitleOfHomePage@3febb011]" started-at="2024-05-02T12:49:49 IST" name="amconfig" finished-at="2024-05-02T12:49:49 IST" duration-ms="2" status="PASS">
          <reporter-output>
          </reporter-output>
        </test-method> <!-- amconfig -->
        <test-method is-config="true" signature="acconfig()[pri:0, instance:actualTC.VerifyTitleOfHomePage@3febb011]" started-at="2024-05-02T12:49:49 IST" name="acconfig" finished-at="2024-05-02T12:49:50 IST" duration-ms="1476" status="PASS">
          <reporter-output>
          </reporter-output>
        </test-method> <!-- acconfig -->
        <test-method is-config="true" signature="asconfing()[pri:0, instance:actualTC.VerifyTitleOfHomePage@3febb011]" started-at="2024-05-02T12:49:50 IST" name="asconfing" finished-at="2024-05-02T12:49:50 IST" duration-ms="0" status="PASS">
          <reporter-output>
          </reporter-output>
        </test-method> <!-- asconfing -->
      </class> <!-- actualTC.VerifyTitleOfHomePage -->
    </test> <!-- Default test -->
  </suite> <!-- Default suite -->
</testng-results>
